<?xml version="1.0" encoding="UTF-8"?>
<!-- Generated by org.testng.reporters.JUnitReportReporter -->
<testsuite hostname="SarvinNila" failures="0" tests="1" name="com.orange_hrmpackage.OrangeHRM_TestCase" time="5.322" errors="0" timestamp="2024-06-21T12:47:57 IST" skipped="0">
  <testcase classname="com.orange_hrmpackage.OrangeHRM_TestCase" name="loginOrangeHRM" time="5.322"/>
</testsuite> <!-- com.orange_hrmpackage.OrangeHRM_TestCase -->
